0 info it worked if it ends with ok
1 verbose cli [ 'C:\\Program Files\\nodejs\\node.exe',
1 verbose cli   'C:\\Program Files\\nodejs\\node_modules\\npm\\bin\\npm-cli.js',
1 verbose cli   'install',
1 verbose cli   'npm@lastest',
1 verbose cli   '-g' ]
2 info using npm@3.8.3
3 info using node@v5.10.0
4 silly loadCurrentTree Starting
5 silly install loadCurrentTree
6 silly install readGlobalPackageData
7 silly fetchPackageMetaData npm@lastest
8 silly fetchNamedPackageData npm
9 silly mapToRegistry name npm
10 silly mapToRegistry using default registry
11 silly mapToRegistry registry https://registry.npmjs.org/
12 silly mapToRegistry data Result {
12 silly mapToRegistry   raw: 'npm',
12 silly mapToRegistry   scope: null,
12 silly mapToRegistry   name: 'npm',
12 silly mapToRegistry   rawSpec: '',
12 silly mapToRegistry   spec: 'latest',
12 silly mapToRegistry   type: 'tag' }
13 silly mapToRegistry uri https://registry.npmjs.org/npm
14 verbose request uri https://registry.npmjs.org/npm
15 verbose request no auth needed
16 info attempt registry request try #1 at 3:58:49 PM
17 verbose request id bb104f0b002666d6
18 http request GET https://registry.npmjs.org/npm
19 http 200 https://registry.npmjs.org/npm
20 verbose headers { server: 'nginx/1.10.1',
20 verbose headers   'content-type': 'application/json',
20 verbose headers   'last-modified': 'Thu, 01 Jun 2017 02:22:23 GMT',
20 verbose headers   etag: 'W/"592f7a5f-6227df"',
20 verbose headers   'content-encoding': 'gzip',
20 verbose headers   'cache-control': 'max-age=300',
20 verbose headers   'content-length': '480605',
20 verbose headers   'accept-ranges': 'bytes',
20 verbose headers   date: 'Thu, 01 Jun 2017 21:58:50 GMT',
20 verbose headers   via: '1.1 varnish',
20 verbose headers   age: '98',
20 verbose headers   connection: 'keep-alive',
20 verbose headers   'x-served-by': 'cache-dfw1829-DFW',
20 verbose headers   'x-cache': 'HIT',
20 verbose headers   'x-cache-hits': '1',
20 verbose headers   'x-timer': 'S1496354330.100402,VS0,VE1',
20 verbose headers   vary: 'Accept-Encoding' }
21 silly get cb [ 200,
21 silly get   { server: 'nginx/1.10.1',
21 silly get     'content-type': 'application/json',
21 silly get     'last-modified': 'Thu, 01 Jun 2017 02:22:23 GMT',
21 silly get     etag: 'W/"592f7a5f-6227df"',
21 silly get     'content-encoding': 'gzip',
21 silly get     'cache-control': 'max-age=300',
21 silly get     'content-length': '480605',
21 silly get     'accept-ranges': 'bytes',
21 silly get     date: 'Thu, 01 Jun 2017 21:58:50 GMT',
21 silly get     via: '1.1 varnish',
21 silly get     age: '98',
21 silly get     connection: 'keep-alive',
21 silly get     'x-served-by': 'cache-dfw1829-DFW',
21 silly get     'x-cache': 'HIT',
21 silly get     'x-cache-hits': '1',
21 silly get     'x-timer': 'S1496354330.100402,VS0,VE1',
21 silly get     vary: 'Accept-Encoding' } ]
22 verbose get saving npm to C:\Users\ugarc20\AppData\Roaming\npm-cache\registry.npmjs.org\npm\.cache.json
23 verbose correctMkdir C:\Users\ugarc20\AppData\Roaming\npm-cache correctMkdir not in flight; initializing
24 silly fetchPackageMetaData Error: No compatible version found: npm@lastest
24 silly fetchPackageMetaData Valid install targets:
24 silly fetchPackageMetaData 5.0.1, 5.0.0, 4.6.1, 4.6.0, 4.5.0, 4.4.4, 4.4.3, 4.4.2, 4.4.1, 4.4.0, 4.3.0, 4.2.0, 4.1.2, 4.1.1, 4.1.0, 4.0.5, 4.0.3, 4.0.2, 4.0.1, 4.0.0, 3.10.10, 3.10.9, 3.10.8, 3.10.7, 3.10.6, 3.10.5, 3.10.4, 3.10.3, 3.10.2, 3.10.1, 3.10.0, 3.9.6, 3.9.5, 3.9.4, 3.9.3, 3.9.2, 3.9.1, 3.9.0, 3.8.9, 3.8.8, 3.8.7, 3.8.6, 3.8.5, 3.8.4, 3.8.3, 3.8.2, 3.8.1, 3.8.0, 3.7.5, 3.7.4, 3.7.3, 3.7.2, 3.7.1, 3.7.0, 3.6.0, 3.5.4, 3.5.3, 3.5.2, 3.5.1, 3.5.0, 3.4.1, 3.4.0, 3.3.12, 3.3.11, 3.3.10, 3.3.9, 3.3.8, 3.3.7, 3.3.6, 3.3.5, 3.3.4, 3.3.3, 3.3.2, 3.3.1, 3.3.0, 3.2.2, 3.2.1, 3.2.0, 3.1.3, 3.1.2, 3.1.1, 3.1.0, 3.0.0, 2.15.12, 2.15.11, 2.15.10, 2.15.9, 2.15.8, 2.15.7, 2.15.6, 2.15.5, 2.15.4, 2.15.3, 2.15.2, 2.15.1, 2.15.0, 2.14.22, 2.14.21, 2.14.20, 2.14.19, 2.14.18, 2.14.17, 2.14.16, 2.14.15, 2.14.14, 2.14.13, 2.14.12, 2.14.11, 2.14.10, 2.14.9, 2.14.8, 2.14.7, 2.14.6, 2.14.5, 2.14.4, 2.14.3, 2.14.2, 2.14.1, 2.14.0, 2.13.5, 2.13.4, 2.13.3, 2.13.2, 2.13.1, 2.13.0, 2.12.1, 2.12.0, 2.11.3, 2.11.2, 2.11.1, 2.11.0, 2.10.1, 2.10.0, 2.9.1, 2.9.0, 2.8.4, 2.8.3, 2.8.2, 2.8.1, 2.8.0, 2.7.6, 2.7.5, 2.7.4, 2.7.3, 2.7.2, 2.7.1, 2.7.0, 2.6.1, 2.6.0, 2.5.1, 2.5.0, 2.4.1, 2.4.0, 2.3.0, 2.2.0, 2.1.18, 2.1.17, 2.1.16, 2.1.15, 2.1.14, 2.1.13, 2.1.12, 2.1.11, 2.1.10, 2.1.9, 2.1.8, 2.1.7, 2.1.6, 2.1.5, 2.1.4, 2.1.3, 2.1.2, 2.1.1, 2.1.0, 2.0.2, 2.0.1, 2.0.0, 2.0.0-beta.3, 2.0.0-beta.2, 2.0.0-beta.1, 2.0.0-beta.0, 2.0.0-alpha-5, 2.0.0-alpha.7, 2.0.0-alpha.6.0, 2.0.0-alpha.6, 1.5.0-alpha-4, 1.5.0-alpha-3, 1.5.0-alpha-2, 1.5.0-alpha-1, 1.5.0-alpha-0, 1.4.29, 1.4.28, 1.4.27, 1.4.26, 1.4.25, 1.4.24, 1.4.23, 1.4.22, 1.4.21, 1.4.20, 1.4.19, 1.4.18, 1.4.17, 1.4.16, 1.4.15, 1.4.14, 1.4.13, 1.4.12, 1.4.11, 1.4.10, 1.4.9, 1.4.8, 1.4.7, 1.4.6, 1.4.5, 1.4.4, 1.4.3, 1.4.2, 1.4.1, 1.4.0, 1.3.26, 1.3.25, 1.3.24, 1.3.23, 1.3.22, 1.3.21, 1.3.20, 1.3.18, 1.3.17, 1.3.16, 1.3.15, 1.3.14, 1.3.13, 1.3.12, 1.3.11, 1.3.10, 1.3.9, 1.3.8, 1.3.7, 1.3.6, 1.3.5, 1.3.4, 1.3.2, 1.3.1, 1.3.0, 1.2.8000, 1.2.32, 1.2.31, 1.2.30, 1.2.28, 1.2.27, 1.2.25, 1.2.24, 1.2.23, 1.2.22, 1.2.21, 1.2.20, 1.2.19, 1.1.71, 1.1.70, 1.1.25
24 silly fetchPackageMetaData
24 silly fetchPackageMetaData     at pickVersionFromRegistryDocument (C:\Program Files\nodejs\node_modules\npm\lib\fetch-package-metadata.js:156:16)
24 silly fetchPackageMetaData     at C:\Program Files\nodejs\node_modules\npm\node_modules\iferr\index.js:13:50
24 silly fetchPackageMetaData     at C:\Program Files\nodejs\node_modules\npm\lib\utils\pulse-till-done.js:19:8
24 silly fetchPackageMetaData     at saved (C:\Program Files\nodejs\node_modules\npm\lib\cache\caching-client.js:168:7)
24 silly fetchPackageMetaData     at C:\Program Files\nodejs\node_modules\npm\node_modules\graceful-fs\polyfills.js:210:7
24 silly fetchPackageMetaData     at FSReqWrap.oncomplete (fs.js:82:15)
24 silly fetchPackageMetaData  error for npm@lastest [Error: No compatible version found: npm@lastest
24 silly fetchPackageMetaData Valid install targets:
24 silly fetchPackageMetaData 5.0.1, 5.0.0, 4.6.1, 4.6.0, 4.5.0, 4.4.4, 4.4.3, 4.4.2, 4.4.1, 4.4.0, 4.3.0, 4.2.0, 4.1.2, 4.1.1, 4.1.0, 4.0.5, 4.0.3, 4.0.2, 4.0.1, 4.0.0, 3.10.10, 3.10.9, 3.10.8, 3.10.7, 3.10.6, 3.10.5, 3.10.4, 3.10.3, 3.10.2, 3.10.1, 3.10.0, 3.9.6, 3.9.5, 3.9.4, 3.9.3, 3.9.2, 3.9.1, 3.9.0, 3.8.9, 3.8.8, 3.8.7, 3.8.6, 3.8.5, 3.8.4, 3.8.3, 3.8.2, 3.8.1, 3.8.0, 3.7.5, 3.7.4, 3.7.3, 3.7.2, 3.7.1, 3.7.0, 3.6.0, 3.5.4, 3.5.3, 3.5.2, 3.5.1, 3.5.0, 3.4.1, 3.4.0, 3.3.12, 3.3.11, 3.3.10, 3.3.9, 3.3.8, 3.3.7, 3.3.6, 3.3.5, 3.3.4, 3.3.3, 3.3.2, 3.3.1, 3.3.0, 3.2.2, 3.2.1, 3.2.0, 3.1.3, 3.1.2, 3.1.1, 3.1.0, 3.0.0, 2.15.12, 2.15.11, 2.15.10, 2.15.9, 2.15.8, 2.15.7, 2.15.6, 2.15.5, 2.15.4, 2.15.3, 2.15.2, 2.15.1, 2.15.0, 2.14.22, 2.14.21, 2.14.20, 2.14.19, 2.14.18, 2.14.17, 2.14.16, 2.14.15, 2.14.14, 2.14.13, 2.14.12, 2.14.11, 2.14.10, 2.14.9, 2.14.8, 2.14.7, 2.14.6, 2.14.5, 2.14.4, 2.14.3, 2.14.2, 2.14.1, 2.14.0, 2.13.5, 2.13.4, 2.13.3, 2.13.2, 2.13.1, 2.13.0, 2.12.1, 2.12.0, 2.11.3, 2.11.2, 2.11.1, 2.11.0, 2.10.1, 2.10.0, 2.9.1, 2.9.0, 2.8.4, 2.8.3, 2.8.2, 2.8.1, 2.8.0, 2.7.6, 2.7.5, 2.7.4, 2.7.3, 2.7.2, 2.7.1, 2.7.0, 2.6.1, 2.6.0, 2.5.1, 2.5.0, 2.4.1, 2.4.0, 2.3.0, 2.2.0, 2.1.18, 2.1.17, 2.1.16, 2.1.15, 2.1.14, 2.1.13, 2.1.12, 2.1.11, 2.1.10, 2.1.9, 2.1.8, 2.1.7, 2.1.6, 2.1.5, 2.1.4, 2.1.3, 2.1.2, 2.1.1, 2.1.0, 2.0.2, 2.0.1, 2.0.0, 2.0.0-beta.3, 2.0.0-beta.2, 2.0.0-beta.1, 2.0.0-beta.0, 2.0.0-alpha-5, 2.0.0-alpha.7, 2.0.0-alpha.6.0, 2.0.0-alpha.6, 1.5.0-alpha-4, 1.5.0-alpha-3, 1.5.0-alpha-2, 1.5.0-alpha-1, 1.5.0-alpha-0, 1.4.29, 1.4.28, 1.4.27, 1.4.26, 1.4.25, 1.4.24, 1.4.23, 1.4.22, 1.4.21, 1.4.20, 1.4.19, 1.4.18, 1.4.17, 1.4.16, 1.4.15, 1.4.14, 1.4.13, 1.4.12, 1.4.11, 1.4.10, 1.4.9, 1.4.8, 1.4.7, 1.4.6, 1.4.5, 1.4.4, 1.4.3, 1.4.2, 1.4.1, 1.4.0, 1.3.26, 1.3.25, 1.3.24, 1.3.23, 1.3.22, 1.3.21, 1.3.20, 1.3.18, 1.3.17, 1.3.16, 1.3.15, 1.3.14, 1.3.13, 1.3.12, 1.3.11, 1.3.10, 1.3.9, 1.3.8, 1.3.7, 1.3.6, 1.3.5, 1.3.4, 1.3.2, 1.3.1, 1.3.0, 1.2.8000, 1.2.32, 1.2.31, 1.2.30, 1.2.28, 1.2.27, 1.2.25, 1.2.24, 1.2.23, 1.2.22, 1.2.21, 1.2.20, 1.2.19, 1.1.71, 1.1.70, 1.1.25
24 silly fetchPackageMetaData ]
25 silly rollbackFailedOptional Starting
26 silly rollbackFailedOptional Finishing
27 silly runTopLevelLifecycles Starting
28 silly runTopLevelLifecycles Finishing
29 silly install printInstalled
30 verbose stack Error: No compatible version found: npm@lastest
30 verbose stack Valid install targets:
30 verbose stack 5.0.1, 5.0.0, 4.6.1, 4.6.0, 4.5.0, 4.4.4, 4.4.3, 4.4.2, 4.4.1, 4.4.0, 4.3.0, 4.2.0, 4.1.2, 4.1.1, 4.1.0, 4.0.5, 4.0.3, 4.0.2, 4.0.1, 4.0.0, 3.10.10, 3.10.9, 3.10.8, 3.10.7, 3.10.6, 3.10.5, 3.10.4, 3.10.3, 3.10.2, 3.10.1, 3.10.0, 3.9.6, 3.9.5, 3.9.4, 3.9.3, 3.9.2, 3.9.1, 3.9.0, 3.8.9, 3.8.8, 3.8.7, 3.8.6, 3.8.5, 3.8.4, 3.8.3, 3.8.2, 3.8.1, 3.8.0, 3.7.5, 3.7.4, 3.7.3, 3.7.2, 3.7.1, 3.7.0, 3.6.0, 3.5.4, 3.5.3, 3.5.2, 3.5.1, 3.5.0, 3.4.1, 3.4.0, 3.3.12, 3.3.11, 3.3.10, 3.3.9, 3.3.8, 3.3.7, 3.3.6, 3.3.5, 3.3.4, 3.3.3, 3.3.2, 3.3.1, 3.3.0, 3.2.2, 3.2.1, 3.2.0, 3.1.3, 3.1.2, 3.1.1, 3.1.0, 3.0.0, 2.15.12, 2.15.11, 2.15.10, 2.15.9, 2.15.8, 2.15.7, 2.15.6, 2.15.5, 2.15.4, 2.15.3, 2.15.2, 2.15.1, 2.15.0, 2.14.22, 2.14.21, 2.14.20, 2.14.19, 2.14.18, 2.14.17, 2.14.16, 2.14.15, 2.14.14, 2.14.13, 2.14.12, 2.14.11, 2.14.10, 2.14.9, 2.14.8, 2.14.7, 2.14.6, 2.14.5, 2.14.4, 2.14.3, 2.14.2, 2.14.1, 2.14.0, 2.13.5, 2.13.4, 2.13.3, 2.13.2, 2.13.1, 2.13.0, 2.12.1, 2.12.0, 2.11.3, 2.11.2, 2.11.1, 2.11.0, 2.10.1, 2.10.0, 2.9.1, 2.9.0, 2.8.4, 2.8.3, 2.8.2, 2.8.1, 2.8.0, 2.7.6, 2.7.5, 2.7.4, 2.7.3, 2.7.2, 2.7.1, 2.7.0, 2.6.1, 2.6.0, 2.5.1, 2.5.0, 2.4.1, 2.4.0, 2.3.0, 2.2.0, 2.1.18, 2.1.17, 2.1.16, 2.1.15, 2.1.14, 2.1.13, 2.1.12, 2.1.11, 2.1.10, 2.1.9, 2.1.8, 2.1.7, 2.1.6, 2.1.5, 2.1.4, 2.1.3, 2.1.2, 2.1.1, 2.1.0, 2.0.2, 2.0.1, 2.0.0, 2.0.0-beta.3, 2.0.0-beta.2, 2.0.0-beta.1, 2.0.0-beta.0, 2.0.0-alpha-5, 2.0.0-alpha.7, 2.0.0-alpha.6.0, 2.0.0-alpha.6, 1.5.0-alpha-4, 1.5.0-alpha-3, 1.5.0-alpha-2, 1.5.0-alpha-1, 1.5.0-alpha-0, 1.4.29, 1.4.28, 1.4.27, 1.4.26, 1.4.25, 1.4.24, 1.4.23, 1.4.22, 1.4.21, 1.4.20, 1.4.19, 1.4.18, 1.4.17, 1.4.16, 1.4.15, 1.4.14, 1.4.13, 1.4.12, 1.4.11, 1.4.10, 1.4.9, 1.4.8, 1.4.7, 1.4.6, 1.4.5, 1.4.4, 1.4.3, 1.4.2, 1.4.1, 1.4.0, 1.3.26, 1.3.25, 1.3.24, 1.3.23, 1.3.22, 1.3.21, 1.3.20, 1.3.18, 1.3.17, 1.3.16, 1.3.15, 1.3.14, 1.3.13, 1.3.12, 1.3.11, 1.3.10, 1.3.9, 1.3.8, 1.3.7, 1.3.6, 1.3.5, 1.3.4, 1.3.2, 1.3.1, 1.3.0, 1.2.8000, 1.2.32, 1.2.31, 1.2.30, 1.2.28, 1.2.27, 1.2.25, 1.2.24, 1.2.23, 1.2.22, 1.2.21, 1.2.20, 1.2.19, 1.1.71, 1.1.70, 1.1.25
30 verbose stack
30 verbose stack     at pickVersionFromRegistryDocument (C:\Program Files\nodejs\node_modules\npm\lib\fetch-package-metadata.js:156:16)
30 verbose stack     at C:\Program Files\nodejs\node_modules\npm\node_modules\iferr\index.js:13:50
30 verbose stack     at C:\Program Files\nodejs\node_modules\npm\lib\utils\pulse-till-done.js:19:8
30 verbose stack     at saved (C:\Program Files\nodejs\node_modules\npm\lib\cache\caching-client.js:168:7)
30 verbose stack     at C:\Program Files\nodejs\node_modules\npm\node_modules\graceful-fs\polyfills.js:210:7
30 verbose stack     at FSReqWrap.oncomplete (fs.js:82:15)
31 verbose cwd Z:\certiportProjects\marketingResourceLibrary\public
32 error Windows_NT 6.1.7601
33 error argv "C:\\Program Files\\nodejs\\node.exe" "C:\\Program Files\\nodejs\\node_modules\\npm\\bin\\npm-cli.js" "install" "npm@lastest" "-g"
34 error node v5.10.0
35 error npm  v3.8.3
36 error No compatible version found: npm@lastest
36 error Valid install targets:
36 error 5.0.1, 5.0.0, 4.6.1, 4.6.0, 4.5.0, 4.4.4, 4.4.3, 4.4.2, 4.4.1, 4.4.0, 4.3.0, 4.2.0, 4.1.2, 4.1.1, 4.1.0, 4.0.5, 4.0.3, 4.0.2, 4.0.1, 4.0.0, 3.10.10, 3.10.9, 3.10.8, 3.10.7, 3.10.6, 3.10.5, 3.10.4, 3.10.3, 3.10.2, 3.10.1, 3.10.0, 3.9.6, 3.9.5, 3.9.4, 3.9.3, 3.9.2, 3.9.1, 3.9.0, 3.8.9, 3.8.8, 3.8.7, 3.8.6, 3.8.5, 3.8.4, 3.8.3, 3.8.2, 3.8.1, 3.8.0, 3.7.5, 3.7.4, 3.7.3, 3.7.2, 3.7.1, 3.7.0, 3.6.0, 3.5.4, 3.5.3, 3.5.2, 3.5.1, 3.5.0, 3.4.1, 3.4.0, 3.3.12, 3.3.11, 3.3.10, 3.3.9, 3.3.8, 3.3.7, 3.3.6, 3.3.5, 3.3.4, 3.3.3, 3.3.2, 3.3.1, 3.3.0, 3.2.2, 3.2.1, 3.2.0, 3.1.3, 3.1.2, 3.1.1, 3.1.0, 3.0.0, 2.15.12, 2.15.11, 2.15.10, 2.15.9, 2.15.8, 2.15.7, 2.15.6, 2.15.5, 2.15.4, 2.15.3, 2.15.2, 2.15.1, 2.15.0, 2.14.22, 2.14.21, 2.14.20, 2.14.19, 2.14.18, 2.14.17, 2.14.16, 2.14.15, 2.14.14, 2.14.13, 2.14.12, 2.14.11, 2.14.10, 2.14.9, 2.14.8, 2.14.7, 2.14.6, 2.14.5, 2.14.4, 2.14.3, 2.14.2, 2.14.1, 2.14.0, 2.13.5, 2.13.4, 2.13.3, 2.13.2, 2.13.1, 2.13.0, 2.12.1, 2.12.0, 2.11.3, 2.11.2, 2.11.1, 2.11.0, 2.10.1, 2.10.0, 2.9.1, 2.9.0, 2.8.4, 2.8.3, 2.8.2, 2.8.1, 2.8.0, 2.7.6, 2.7.5, 2.7.4, 2.7.3, 2.7.2, 2.7.1, 2.7.0, 2.6.1, 2.6.0, 2.5.1, 2.5.0, 2.4.1, 2.4.0, 2.3.0, 2.2.0, 2.1.18, 2.1.17, 2.1.16, 2.1.15, 2.1.14, 2.1.13, 2.1.12, 2.1.11, 2.1.10, 2.1.9, 2.1.8, 2.1.7, 2.1.6, 2.1.5, 2.1.4, 2.1.3, 2.1.2, 2.1.1, 2.1.0, 2.0.2, 2.0.1, 2.0.0, 2.0.0-beta.3, 2.0.0-beta.2, 2.0.0-beta.1, 2.0.0-beta.0, 2.0.0-alpha-5, 2.0.0-alpha.7, 2.0.0-alpha.6.0, 2.0.0-alpha.6, 1.5.0-alpha-4, 1.5.0-alpha-3, 1.5.0-alpha-2, 1.5.0-alpha-1, 1.5.0-alpha-0, 1.4.29, 1.4.28, 1.4.27, 1.4.26, 1.4.25, 1.4.24, 1.4.23, 1.4.22, 1.4.21, 1.4.20, 1.4.19, 1.4.18, 1.4.17, 1.4.16, 1.4.15, 1.4.14, 1.4.13, 1.4.12, 1.4.11, 1.4.10, 1.4.9, 1.4.8, 1.4.7, 1.4.6, 1.4.5, 1.4.4, 1.4.3, 1.4.2, 1.4.1, 1.4.0, 1.3.26, 1.3.25, 1.3.24, 1.3.23, 1.3.22, 1.3.21, 1.3.20, 1.3.18, 1.3.17, 1.3.16, 1.3.15, 1.3.14, 1.3.13, 1.3.12, 1.3.11, 1.3.10, 1.3.9, 1.3.8, 1.3.7, 1.3.6, 1.3.5, 1.3.4, 1.3.2, 1.3.1, 1.3.0, 1.2.8000, 1.2.32, 1.2.31, 1.2.30, 1.2.28, 1.2.27, 1.2.25, 1.2.24, 1.2.23, 1.2.22, 1.2.21, 1.2.20, 1.2.19, 1.1.71, 1.1.70, 1.1.25
37 error If you need help, you may report this error at:
37 error     <https://github.com/npm/npm/issues>
38 verbose exit [ 1, true ]
